
> yaclib-webui@1.0.0 dev
> vite dev


  VITE v7.2.2  ready in 324 ms

  ➜  Local:   http://localhost:5173/
  ➜  Network: use --host to expose
7:44:45 PM [vite-plugin-svelte] src/routes/+page.svelte:757:1 Unused CSS selector ".libraries-nav"
https://svelte.dev/e/css_unused_selector
7:44:45 PM [vite-plugin-svelte] src/routes/+page.svelte:763:1 Unused CSS selector ".library-item"
https://svelte.dev/e/css_unused_selector
7:44:45 PM [vite-plugin-svelte] src/routes/+page.svelte:775:1 Unused CSS selector ".library-item:hover"
https://svelte.dev/e/css_unused_selector
7:44:45 PM [vite-plugin-svelte] src/routes/+page.svelte:779:1 Unused CSS selector ".library-item-icon"
https://svelte.dev/e/css_unused_selector
7:44:45 PM [vite-plugin-svelte] src/routes/+page.svelte:791:1 Unused CSS selector ".library-item-content"
https://svelte.dev/e/css_unused_selector
7:44:45 PM [vite-plugin-svelte] src/routes/+page.svelte:799:1 Unused CSS selector ".library-item-name"
https://svelte.dev/e/css_unused_selector
7:44:45 PM [vite-plugin-svelte] src/routes/+page.svelte:808:1 Unused CSS selector ".library-item-count"
https://svelte.dev/e/css_unused_selector
7:44:45 PM [vite-plugin-svelte] src/routes/+page.svelte:813:1 Unused CSS selector ".sidebar-footer"
https://svelte.dev/e/css_unused_selector
7:44:45 PM [vite-plugin-svelte] src/routes/+page.svelte:818:1 Unused CSS selector ".sidebar-link"
https://svelte.dev/e/css_unused_selector
7:44:45 PM [vite-plugin-svelte] src/routes/+page.svelte:828:1 Unused CSS selector ".sidebar-link:hover"
https://svelte.dev/e/css_unused_selector
7:44:45 PM [vite-plugin-svelte] src/routes/+page.svelte:839:1 Unused CSS selector ".loading-container"
https://svelte.dev/e/css_unused_selector
7:44:45 PM [vite-plugin-svelte] src/routes/+page.svelte:849:1 Unused CSS selector ".spinner"
https://svelte.dev/e/css_unused_selector
7:44:45 PM [vite-plugin-svelte] src/routes/+page.svelte:980:1 Unused CSS selector ".see-all"
https://svelte.dev/e/css_unused_selector
7:44:45 PM [vite-plugin-svelte] src/routes/+page.svelte:987:1 Unused CSS selector ".see-all:hover"
https://svelte.dev/e/css_unused_selector
7:44:45 PM [vite-plugin-svelte] src/routes/+page.svelte:1008:1 Unused CSS selector ".search-container"
https://svelte.dev/e/css_unused_selector
7:44:45 PM [vite-plugin-svelte] src/routes/+page.svelte:1018:1 Unused CSS selector ".search-input-wrapper"
https://svelte.dev/e/css_unused_selector
7:44:45 PM [vite-plugin-svelte] src/routes/+page.svelte:1027:1 Unused CSS selector ".search-icon"
https://svelte.dev/e/css_unused_selector
7:44:45 PM [vite-plugin-svelte] src/routes/+page.svelte:1036:1 Unused CSS selector ".search-input"
https://svelte.dev/e/css_unused_selector
7:44:45 PM [vite-plugin-svelte] src/routes/+page.svelte:1047:1 Unused CSS selector ".search-input:focus"
https://svelte.dev/e/css_unused_selector
7:44:45 PM [vite-plugin-svelte] src/routes/+page.svelte:1053:1 Unused CSS selector ".search-input::placeholder"
https://svelte.dev/e/css_unused_selector
7:44:45 PM [vite-plugin-svelte] src/routes/+page.svelte:1057:1 Unused CSS selector ".search-clear"
https://svelte.dev/e/css_unused_selector
7:44:45 PM [vite-plugin-svelte] src/routes/+page.svelte:1074:1 Unused CSS selector ".search-clear:hover"
https://svelte.dev/e/css_unused_selector
7:44:45 PM [vite-plugin-svelte] src/routes/+page.svelte:1079:1 Unused CSS selector ".search-loading"
https://svelte.dev/e/css_unused_selector
7:44:45 PM [vite-plugin-svelte] src/routes/+page.svelte:1089:1 Unused CSS selector ".spinner-small"
https://svelte.dev/e/css_unused_selector
7:44:45 PM [vite-plugin-svelte] src/routes/+page.svelte:1116:2 Unused CSS selector ".search-input-wrapper"
https://svelte.dev/e/css_unused_selector
7:44:45 PM [vite-plugin-svelte] src/lib/components/layout/Navbar.svelte:128:1 Unused CSS selector ".search-icon"
https://svelte.dev/e/css_unused_selector
7:44:52 PM [vite-plugin-svelte] src/lib/components/comic/ComicCard.svelte:56:4 Self-closing HTML tags for non-void elements are ambiguous — use `<div ...></div>` rather than `<div ... />`
https://svelte.dev/e/element_invalid_self_closing_tag
7:44:52 PM [vite-plugin-svelte] src/lib/components/layout/SeriesTreeNode.svelte:48:4 Self-closing HTML tags for non-void elements are ambiguous — use `<span ...></span>` rather than `<span ... />`
https://svelte.dev/e/element_invalid_self_closing_tag
7:44:52 PM [vite-plugin-svelte] src/lib/components/common/InfiniteScroll.svelte:89:5 Self-closing HTML tags for non-void elements are ambiguous — use `<div ...></div>` rather than `<div ... />`
https://svelte.dev/e/element_invalid_self_closing_tag
7:44:52 PM [vite-plugin-svelte] src/lib/components/common/HorizontalCarousel.svelte:133:1 `<div>` with a mousedown, mousemove, mouseup or mouseleave handler must have an ARIA role
https://svelte.dev/e/a11y_no_static_element_interactions
7:44:52 PM [vite-plugin-svelte] src/lib/components/common/HorizontalCarousel.svelte:7:12 Component has unused export property 'visibleItems'. If it is for external reference only, please consider using `export const visibleItems`
https://svelte.dev/e/export_let_unused
7:44:52 PM [vite-plugin-svelte] src/lib/components/common/SkeletonCard.svelte:15:1 Self-closing HTML tags for non-void elements are ambiguous — use `<div ...></div>` rather than `<div ... />`
https://svelte.dev/e/element_invalid_self_closing_tag
7:44:52 PM [vite-plugin-svelte] src/lib/components/common/SkeletonCard.svelte:17:2 Self-closing HTML tags for non-void elements are ambiguous — use `<div ...></div>` rather than `<div ... />`
https://svelte.dev/e/element_invalid_self_closing_tag
7:44:52 PM [vite-plugin-svelte] src/lib/components/common/SkeletonCard.svelte:18:2 Self-closing HTML tags for non-void elements are ambiguous — use `<div ...></div>` rather than `<div ... />`
https://svelte.dev/e/element_invalid_self_closing_tag
[Navbar] Search store query changed: 
[Navbar] Search store query changed: 
7:44:53 PM [vite-plugin-svelte] src/routes/+page.svelte:757:1 Unused CSS selector ".libraries-nav"
https://svelte.dev/e/css_unused_selector
7:44:53 PM [vite-plugin-svelte] src/routes/+page.svelte:763:1 Unused CSS selector ".library-item"
https://svelte.dev/e/css_unused_selector
7:44:53 PM [vite-plugin-svelte] src/routes/+page.svelte:775:1 Unused CSS selector ".library-item:hover"
https://svelte.dev/e/css_unused_selector
7:44:53 PM [vite-plugin-svelte] src/routes/+page.svelte:779:1 Unused CSS selector ".library-item-icon"
https://svelte.dev/e/css_unused_selector
7:44:53 PM [vite-plugin-svelte] src/routes/+page.svelte:791:1 Unused CSS selector ".library-item-content"
https://svelte.dev/e/css_unused_selector
7:44:53 PM [vite-plugin-svelte] src/routes/+page.svelte:799:1 Unused CSS selector ".library-item-name"
https://svelte.dev/e/css_unused_selector
7:44:53 PM [vite-plugin-svelte] src/routes/+page.svelte:808:1 Unused CSS selector ".library-item-count"
https://svelte.dev/e/css_unused_selector
7:44:53 PM [vite-plugin-svelte] src/routes/+page.svelte:813:1 Unused CSS selector ".sidebar-footer"
https://svelte.dev/e/css_unused_selector
7:44:53 PM [vite-plugin-svelte] src/routes/+page.svelte:818:1 Unused CSS selector ".sidebar-link"
https://svelte.dev/e/css_unused_selector
7:44:53 PM [vite-plugin-svelte] src/routes/+page.svelte:828:1 Unused CSS selector ".sidebar-link:hover"
https://svelte.dev/e/css_unused_selector
7:44:53 PM [vite-plugin-svelte] src/routes/+page.svelte:839:1 Unused CSS selector ".loading-container"
https://svelte.dev/e/css_unused_selector
7:44:53 PM [vite-plugin-svelte] src/routes/+page.svelte:849:1 Unused CSS selector ".spinner"
https://svelte.dev/e/css_unused_selector
7:44:53 PM [vite-plugin-svelte] src/routes/+page.svelte:980:1 Unused CSS selector ".see-all"
https://svelte.dev/e/css_unused_selector
7:44:53 PM [vite-plugin-svelte] src/routes/+page.svelte:987:1 Unused CSS selector ".see-all:hover"
https://svelte.dev/e/css_unused_selector
7:44:53 PM [vite-plugin-svelte] src/routes/+page.svelte:1008:1 Unused CSS selector ".search-container"
https://svelte.dev/e/css_unused_selector
7:44:53 PM [vite-plugin-svelte] src/routes/+page.svelte:1018:1 Unused CSS selector ".search-input-wrapper"
https://svelte.dev/e/css_unused_selector
7:44:53 PM [vite-plugin-svelte] src/routes/+page.svelte:1027:1 Unused CSS selector ".search-icon"
https://svelte.dev/e/css_unused_selector
7:44:53 PM [vite-plugin-svelte] src/routes/+page.svelte:1036:1 Unused CSS selector ".search-input"
https://svelte.dev/e/css_unused_selector
7:44:53 PM [vite-plugin-svelte] src/routes/+page.svelte:1047:1 Unused CSS selector ".search-input:focus"
https://svelte.dev/e/css_unused_selector
7:44:53 PM [vite-plugin-svelte] src/routes/+page.svelte:1053:1 Unused CSS selector ".search-input::placeholder"
https://svelte.dev/e/css_unused_selector
7:44:53 PM [vite-plugin-svelte] src/routes/+page.svelte:1057:1 Unused CSS selector ".search-clear"
https://svelte.dev/e/css_unused_selector
7:44:53 PM [vite-plugin-svelte] src/routes/+page.svelte:1074:1 Unused CSS selector ".search-clear:hover"
https://svelte.dev/e/css_unused_selector
7:44:53 PM [vite-plugin-svelte] src/routes/+page.svelte:1079:1 Unused CSS selector ".search-loading"
https://svelte.dev/e/css_unused_selector
7:44:53 PM [vite-plugin-svelte] src/routes/+page.svelte:1089:1 Unused CSS selector ".spinner-small"
https://svelte.dev/e/css_unused_selector
7:44:53 PM [vite-plugin-svelte] src/routes/+page.svelte:1116:2 Unused CSS selector ".search-input-wrapper"
https://svelte.dev/e/css_unused_selector
7:44:53 PM [vite-plugin-svelte] src/lib/components/layout/Navbar.svelte:128:1 Unused CSS selector ".search-icon"
https://svelte.dev/e/css_unused_selector
7:44:53 PM [vite-plugin-svelte] src/lib/components/comic/ComicCard.svelte:56:4 Self-closing HTML tags for non-void elements are ambiguous — use `<div ...></div>` rather than `<div ... />`
https://svelte.dev/e/element_invalid_self_closing_tag
7:44:53 PM [vite-plugin-svelte] src/lib/components/common/InfiniteScroll.svelte:89:5 Self-closing HTML tags for non-void elements are ambiguous — use `<div ...></div>` rather than `<div ... />`
https://svelte.dev/e/element_invalid_self_closing_tag
7:44:53 PM [vite-plugin-svelte] src/lib/components/common/HorizontalCarousel.svelte:133:1 `<div>` with a mousedown, mousemove, mouseup or mouseleave handler must have an ARIA role
https://svelte.dev/e/a11y_no_static_element_interactions
7:44:53 PM [vite-plugin-svelte] src/lib/components/common/HorizontalCarousel.svelte:7:12 Component has unused export property 'visibleItems'. If it is for external reference only, please consider using `export const visibleItems`
https://svelte.dev/e/export_let_unused
7:44:53 PM [vite-plugin-svelte] src/lib/components/common/SkeletonCard.svelte:15:1 Self-closing HTML tags for non-void elements are ambiguous — use `<div ...></div>` rather than `<div ... />`
https://svelte.dev/e/element_invalid_self_closing_tag
7:44:53 PM [vite-plugin-svelte] src/lib/components/common/SkeletonCard.svelte:17:2 Self-closing HTML tags for non-void elements are ambiguous — use `<div ...></div>` rather than `<div ... />`
https://svelte.dev/e/element_invalid_self_closing_tag
7:44:53 PM [vite-plugin-svelte] src/lib/components/common/SkeletonCard.svelte:18:2 Self-closing HTML tags for non-void elements are ambiguous — use `<div ...></div>` rather than `<div ... />`
https://svelte.dev/e/element_invalid_self_closing_tag
7:44:53 PM [vite-plugin-svelte] src/lib/components/layout/SeriesTreeNode.svelte:48:4 Self-closing HTML tags for non-void elements are ambiguous — use `<span ...></span>` rather than `<span ... />`
https://svelte.dev/e/element_invalid_self_closing_tag

Google Chrome is requesting /.well-known/appspecific/com.chrome.devtools.json to automatically configure devtools project settings. To learn why, and how to prevent this message, see https://svelte.dev/docs/cli/devtools-json

Avoid calling `fetch` eagerly during server-side rendering — put your `fetch` calls inside `onMount` or a `load` function instead
[Navbar] Search store query changed: 
